<?xml version="1.0" encoding="UTF-8"?>
<!-- Generated by org.testng.reporters.JUnitXMLReporter -->
<testsuite hostname="Natalias-MBP.home" ignored="0" name="Default test" tests="4" failures="0" timestamp="2020-01-21T21:04:21 EST" time="21.409" errors="0">
  <testcase name="login" time="3.132" classname="com.hrms.testcases.LoginPageTest"/>
  <testcase name="loginWithProperties" time="3.379" classname="com.hrms.testcases.LoginPageTest"/>
  <testcase name="logo" time="0.072" classname="com.hrms.testcases.LoginPageTest"/>
  <testcase name="negativeLogin" time="3.265" classname="com.hrms.testcases.LoginPageTest"/>
</testsuite> <!-- Default test -->
