<?xml version="1.0" encoding="UTF-8"?>
<!-- Generated by org.testng.reporters.JUnitXMLReporter -->
<testsuite hostname="Natalias-MBP.home" ignored="0" name="Default test" tests="6" failures="0" timestamp="2020-01-24T01:32:22 EST" time="85.495" errors="0">
  <testcase name="createEmployeeFromExcel" time="12.019" classname="com.hrms.testcases.AddEmployeeFromExcelPageTest"/>
  <testcase name="createEmployeeFromExcel" time="10.536" classname="com.hrms.testcases.AddEmployeeFromExcelPageTest"/>
  <testcase name="createEmployeeFromExcel" time="12.786" classname="com.hrms.testcases.AddEmployeeFromExcelPageTest"/>
  <testcase name="createEmployeeFromExcel" time="11.117" classname="com.hrms.testcases.AddEmployeeFromExcelPageTest"/>
  <testcase name="createEmployeeFromExcel" time="9.761" classname="com.hrms.testcases.AddEmployeeFromExcelPageTest"/>
  <testcase name="createEmployeeFromExcel" time="9.737" classname="com.hrms.testcases.AddEmployeeFromExcelPageTest"/>
</testsuite> <!-- Default test -->
