<?xml version="1.0" encoding="UTF-8"?>
<testng-results skipped="0" failed="2" ignored="12" total="17" passed="3">
  <reporter-output>
  </reporter-output>
  <suite name="Regression Suite" duration-ms="70812" started-at="2020-01-25T12:33:32 EST" finished-at="2020-01-25T12:34:43 EST">
    <groups>
      <group name="regression">
        <method signature="AddEmployeePageTest.AddNewEmployee()[pri:0, instance:com.hrms.testcases.AddEmployeePageTest@4d41cee]" name="AddNewEmployee" class="com.hrms.testcases.AddEmployeePageTest"/>
        <method signature="LeaveListPageTest.leaveLabelValidation()[pri:0, instance:com.hrms.testcases.LeaveListPageTest@53f65459]" name="leaveLabelValidation" class="com.hrms.testcases.LeaveListPageTest"/>
        <method signature="LeaveListPageTest.leaveLabelValidation1()[pri:0, instance:com.hrms.testcases.LeaveListPageTest@53f65459]" name="leaveLabelValidation1" class="com.hrms.testcases.LeaveListPageTest"/>
        <method signature="LoginPageTest.loginWithProperties()[pri:0, instance:com.hrms.testcases.LoginPageTest@3712b94]" name="loginWithProperties" class="com.hrms.testcases.LoginPageTest"/>
        <method signature="LoginPageTest.negativeLogin()[pri:0, instance:com.hrms.testcases.LoginPageTest@3712b94]" name="negativeLogin" class="com.hrms.testcases.LoginPageTest"/>
      </group> <!-- regression -->
    </groups>
    <test name="Regression Test" duration-ms="70812" started-at="2020-01-25T12:33:32 EST" finished-at="2020-01-25T12:34:43 EST">
      <class name="com.hrms.testcases.AddEmployeePageTest">
        <test-method status="PASS" signature="setUp()[pri:0, instance:com.hrms.testcases.AddEmployeePageTest@4d41cee]" name="setUp" is-config="true" duration-ms="2533" started-at="2020-01-25T12:34:00 EST" finished-at="2020-01-25T12:34:02 EST">
          <reporter-output>
          </reporter-output>
        </test-method> <!-- setUp -->
        <test-method status="FAIL" signature="AddNewEmployee()[pri:0, instance:com.hrms.testcases.AddEmployeePageTest@4d41cee]" name="AddNewEmployee" duration-ms="16501" started-at="2020-01-25T12:34:02 EST" finished-at="2020-01-25T12:34:19 EST">
          <exception class="java.lang.AssertionError">
            <message>
              <![CDATA[Employee IDs is not match expected [11] but found []]]>
            </message>
            <full-stacktrace>
              <![CDATA[java.lang.AssertionError: Employee IDs is not match expected [11] but found []
at org.testng.Assert.fail(Assert.java:97)
at org.testng.Assert.assertEqualsImpl(Assert.java:136)
at org.testng.Assert.assertEquals(Assert.java:118)
at org.testng.Assert.assertEquals(Assert.java:575)
at com.hrms.testcases.AddEmployeePageTest.AddNewEmployee(AddEmployeePageTest.java:42)
at sun.reflect.NativeMethodAccessorImpl.invoke0(Native Method)
at sun.reflect.NativeMethodAccessorImpl.invoke(NativeMethodAccessorImpl.java:62)
at sun.reflect.DelegatingMethodAccessorImpl.invoke(DelegatingMethodAccessorImpl.java:43)
at java.lang.reflect.Method.invoke(Method.java:498)
at org.testng.internal.MethodInvocationHelper.invokeMethod(MethodInvocationHelper.java:133)
at org.testng.internal.TestInvoker.invokeMethod(TestInvoker.java:584)
at org.testng.internal.TestInvoker.invokeTestMethod(TestInvoker.java:172)
at org.testng.internal.MethodRunner.runInSequence(MethodRunner.java:46)
at org.testng.internal.TestInvoker$MethodInvocationAgent.invoke(TestInvoker.java:804)
at org.testng.internal.TestInvoker.invokeTestMethods(TestInvoker.java:145)
at org.testng.internal.TestMethodWorker.invokeTestMethods(TestMethodWorker.java:146)
at org.testng.internal.TestMethodWorker.run(TestMethodWorker.java:128)
at java.util.ArrayList.forEach(ArrayList.java:1257)
at org.testng.TestRunner.privateRun(TestRunner.java:770)
at org.testng.TestRunner.run(TestRunner.java:591)
at org.testng.SuiteRunner.runTest(SuiteRunner.java:402)
at org.testng.SuiteRunner.runSequentially(SuiteRunner.java:396)
at org.testng.SuiteRunner.privateRun(SuiteRunner.java:355)
at org.testng.SuiteRunner.run(SuiteRunner.java:304)
at org.testng.SuiteRunnerWorker.runSuite(SuiteRunnerWorker.java:53)
at org.testng.SuiteRunnerWorker.run(SuiteRunnerWorker.java:96)
at org.testng.TestNG.runSuitesSequentially(TestNG.java:1180)
at org.testng.TestNG.runSuitesLocally(TestNG.java:1102)
at org.testng.TestNG.runSuites(TestNG.java:1032)
at org.testng.TestNG.run(TestNG.java:1000)
at org.testng.remote.AbstractRemoteTestNG.run(AbstractRemoteTestNG.java:115)
at org.testng.remote.RemoteTestNG.initAndRun(RemoteTestNG.java:251)
at org.testng.remote.RemoteTestNG.main(RemoteTestNG.java:77)
]]>
            </full-stacktrace>
          </exception> <!-- java.lang.AssertionError -->
          <reporter-output>
          </reporter-output>
        </test-method> <!-- AddNewEmployee -->
        <test-method status="PASS" signature="tearDown()[pri:0, instance:com.hrms.testcases.AddEmployeePageTest@4d41cee]" name="tearDown" is-config="true" duration-ms="89" started-at="2020-01-25T12:34:19 EST" finished-at="2020-01-25T12:34:19 EST">
          <reporter-output>
          </reporter-output>
        </test-method> <!-- tearDown -->
      </class> <!-- com.hrms.testcases.AddEmployeePageTest -->
      <class name="com.hrms.testcases.LoginPageTest">
        <test-method status="PASS" signature="setUp()[pri:0, instance:com.hrms.testcases.LoginPageTest@3712b94]" name="setUp" is-config="true" duration-ms="2885" started-at="2020-01-25T12:34:19 EST" finished-at="2020-01-25T12:34:22 EST">
          <reporter-output>
          </reporter-output>
        </test-method> <!-- setUp -->
        <test-method status="PASS" signature="loginWithProperties()[pri:0, instance:com.hrms.testcases.LoginPageTest@3712b94]" name="loginWithProperties" duration-ms="3370" started-at="2020-01-25T12:34:22 EST" finished-at="2020-01-25T12:34:26 EST">
          <reporter-output>
          </reporter-output>
        </test-method> <!-- loginWithProperties -->
        <test-method status="PASS" signature="tearDown()[pri:0, instance:com.hrms.testcases.LoginPageTest@3712b94]" name="tearDown" is-config="true" duration-ms="85" started-at="2020-01-25T12:34:28 EST" finished-at="2020-01-25T12:34:28 EST">
          <reporter-output>
          </reporter-output>
        </test-method> <!-- tearDown -->
        <test-method status="PASS" signature="setUp()[pri:0, instance:com.hrms.testcases.LoginPageTest@3712b94]" name="setUp" is-config="true" duration-ms="11202" started-at="2020-01-25T12:34:28 EST" finished-at="2020-01-25T12:34:39 EST">
          <reporter-output>
          </reporter-output>
        </test-method> <!-- setUp -->
        <test-method status="PASS" signature="negativeLogin()[pri:0, instance:com.hrms.testcases.LoginPageTest@3712b94]" name="negativeLogin" duration-ms="3230" started-at="2020-01-25T12:34:39 EST" finished-at="2020-01-25T12:34:42 EST">
          <reporter-output>
          </reporter-output>
        </test-method> <!-- negativeLogin -->
        <test-method status="PASS" signature="tearDown()[pri:0, instance:com.hrms.testcases.LoginPageTest@3712b94]" name="tearDown" is-config="true" duration-ms="83" started-at="2020-01-25T12:34:43 EST" finished-at="2020-01-25T12:34:43 EST">
          <reporter-output>
          </reporter-output>
        </test-method> <!-- tearDown -->
      </class> <!-- com.hrms.testcases.LoginPageTest -->
      <class name="com.hrms.testcases.LeaveListPageTest">
        <test-method status="PASS" signature="generateReports()[pri:0, instance:com.hrms.testcases.LeaveListPageTest@53f65459]" name="generateReports" is-config="true" duration-ms="96" started-at="2020-01-25T12:33:32 EST" finished-at="2020-01-25T12:33:32 EST">
          <reporter-output>
          </reporter-output>
        </test-method> <!-- generateReports -->
        <test-method status="PASS" signature="setUp()[pri:0, instance:com.hrms.testcases.LeaveListPageTest@53f65459]" name="setUp" is-config="true" duration-ms="3137" started-at="2020-01-25T12:33:32 EST" finished-at="2020-01-25T12:33:35 EST">
          <reporter-output>
          </reporter-output>
        </test-method> <!-- setUp -->
        <test-method status="PASS" signature="leaveLabelValidation()[pri:0, instance:com.hrms.testcases.LeaveListPageTest@53f65459]" name="leaveLabelValidation" duration-ms="6982" started-at="2020-01-25T12:33:35 EST" finished-at="2020-01-25T12:33:42 EST">
          <reporter-output>
          </reporter-output>
        </test-method> <!-- leaveLabelValidation -->
        <test-method status="PASS" signature="tearDown()[pri:0, instance:com.hrms.testcases.LeaveListPageTest@53f65459]" name="tearDown" is-config="true" duration-ms="89" started-at="2020-01-25T12:33:43 EST" finished-at="2020-01-25T12:33:43 EST">
          <reporter-output>
          </reporter-output>
        </test-method> <!-- tearDown -->
        <test-method status="PASS" signature="setUp()[pri:0, instance:com.hrms.testcases.LeaveListPageTest@53f65459]" name="setUp" is-config="true" duration-ms="2418" started-at="2020-01-25T12:33:43 EST" finished-at="2020-01-25T12:33:45 EST">
          <reporter-output>
          </reporter-output>
        </test-method> <!-- setUp -->
        <test-method status="FAIL" signature="leaveLabelValidation1()[pri:0, instance:com.hrms.testcases.LeaveListPageTest@53f65459]" name="leaveLabelValidation1" duration-ms="13557" started-at="2020-01-25T12:33:45 EST" finished-at="2020-01-25T12:33:59 EST">
          <exception class="org.openqa.selenium.NoSuchElementException">
            <message>
              <![CDATA[no such element: Unable to locate element: {"method":"css selector","selector":"a.toggle.tiptip"}
  (Session info: chrome=79.0.3945.130)
For documentation on this error, please visit: https://www.seleniumhq.org/exceptions/no_such_element.html
Build info: version: '3.141.59', revision: 'e82be7d358', time: '2018-11-14T08:17:03'
System info: host: 'Natalias-MBP.home', ip: 'fe80:0:0:0:488:d20e:8255:4d8c%en0', os.name: 'Mac OS X', os.arch: 'x86_64', os.version: '10.14.5', java.version: '1.8.0_221'
Driver info: org.openqa.selenium.chrome.ChromeDriver
Capabilities {acceptInsecureCerts: false, browserName: chrome, browserVersion: 79.0.3945.130, chrome: {chromedriverVersion: 79.0.3945.36 (3582db32b3389..., userDataDir: /var/folders/mw/2ygtkhyx12z...}, goog:chromeOptions: {debuggerAddress: localhost:64978}, javascriptEnabled: true, networkConnectionEnabled: false, pageLoadStrategy: normal, platform: MAC, platformName: MAC, proxy: Proxy(), setWindowRect: true, strictFileInteractability: false, timeouts: {implicit: 0, pageLoad: 300000, script: 30000}, unhandledPromptBehavior: dismiss and notify}
Session ID: 265846c86072276cce66d44832377e20
*** Element info: {Using=css selector, value=a.toggle.tiptip}]]>
            </message>
            <full-stacktrace>
              <![CDATA[org.openqa.selenium.NoSuchElementException: no such element: Unable to locate element: {"method":"css selector","selector":"a.toggle.tiptip"}
  (Session info: chrome=79.0.3945.130)
For documentation on this error, please visit: https://www.seleniumhq.org/exceptions/no_such_element.html
Build info: version: '3.141.59', revision: 'e82be7d358', time: '2018-11-14T08:17:03'
System info: host: 'Natalias-MBP.home', ip: 'fe80:0:0:0:488:d20e:8255:4d8c%en0', os.name: 'Mac OS X', os.arch: 'x86_64', os.version: '10.14.5', java.version: '1.8.0_221'
Driver info: org.openqa.selenium.chrome.ChromeDriver
Capabilities {acceptInsecureCerts: false, browserName: chrome, browserVersion: 79.0.3945.130, chrome: {chromedriverVersion: 79.0.3945.36 (3582db32b3389..., userDataDir: /var/folders/mw/2ygtkhyx12z...}, goog:chromeOptions: {debuggerAddress: localhost:64978}, javascriptEnabled: true, networkConnectionEnabled: false, pageLoadStrategy: normal, platform: MAC, platformName: MAC, proxy: Proxy(), setWindowRect: true, strictFileInteractability: false, timeouts: {implicit: 0, pageLoad: 300000, script: 30000}, unhandledPromptBehavior: dismiss and notify}
Session ID: 265846c86072276cce66d44832377e20
*** Element info: {Using=css selector, value=a.toggle.tiptip}
at sun.reflect.NativeConstructorAccessorImpl.newInstance0(Native Method)
at sun.reflect.NativeConstructorAccessorImpl.newInstance(NativeConstructorAccessorImpl.java:62)
at sun.reflect.DelegatingConstructorAccessorImpl.newInstance(DelegatingConstructorAccessorImpl.java:45)
at java.lang.reflect.Constructor.newInstance(Constructor.java:423)
at org.openqa.selenium.remote.http.W3CHttpResponseCodec.createException(W3CHttpResponseCodec.java:187)
at org.openqa.selenium.remote.http.W3CHttpResponseCodec.decode(W3CHttpResponseCodec.java:122)
at org.openqa.selenium.remote.http.W3CHttpResponseCodec.decode(W3CHttpResponseCodec.java:49)
at org.openqa.selenium.remote.HttpCommandExecutor.execute(HttpCommandExecutor.java:158)
at org.openqa.selenium.remote.service.DriverCommandExecutor.execute(DriverCommandExecutor.java:83)
at org.openqa.selenium.remote.RemoteWebDriver.execute(RemoteWebDriver.java:552)
at org.openqa.selenium.remote.RemoteWebDriver.findElement(RemoteWebDriver.java:323)
at org.openqa.selenium.remote.RemoteWebDriver.findElementByCssSelector(RemoteWebDriver.java:420)
at org.openqa.selenium.By$ByCssSelector.findElement(By.java:431)
at org.openqa.selenium.remote.RemoteWebDriver.findElement(RemoteWebDriver.java:315)
at org.openqa.selenium.support.pagefactory.DefaultElementLocator.findElement(DefaultElementLocator.java:69)
at org.openqa.selenium.support.pagefactory.internal.LocatingElementHandler.invoke(LocatingElementHandler.java:38)
at com.sun.proxy.$Proxy12.isDisplayed(Unknown Source)
at com.hrms.testcases.LeaveListPageTest.leaveLabelValidation1(LeaveListPageTest.java:43)
at sun.reflect.NativeMethodAccessorImpl.invoke0(Native Method)
at sun.reflect.NativeMethodAccessorImpl.invoke(NativeMethodAccessorImpl.java:62)
at sun.reflect.DelegatingMethodAccessorImpl.invoke(DelegatingMethodAccessorImpl.java:43)
at java.lang.reflect.Method.invoke(Method.java:498)
at org.testng.internal.MethodInvocationHelper.invokeMethod(MethodInvocationHelper.java:133)
at org.testng.internal.TestInvoker.invokeMethod(TestInvoker.java:584)
at org.testng.internal.TestInvoker.invokeTestMethod(TestInvoker.java:172)
at org.testng.internal.MethodRunner.runInSequence(MethodRunner.java:46)
at org.testng.internal.TestInvoker$MethodInvocationAgent.invoke(TestInvoker.java:804)
at org.testng.internal.TestInvoker.invokeTestMethods(TestInvoker.java:145)
at org.testng.internal.TestMethodWorker.invokeTestMethods(TestMethodWorker.java:146)
at org.testng.internal.TestMethodWorker.run(TestMethodWorker.java:128)
at java.util.ArrayList.forEach(ArrayList.java:1257)
at org.testng.TestRunner.privateRun(TestRunner.java:770)
at org.testng.TestRunner.run(TestRunner.java:591)
at org.testng.SuiteRunner.runTest(SuiteRunner.java:402)
at org.testng.SuiteRunner.runSequentially(SuiteRunner.java:396)
at org.testng.SuiteRunner.privateRun(SuiteRunner.java:355)
at org.testng.SuiteRunner.run(SuiteRunner.java:304)
at org.testng.SuiteRunnerWorker.runSuite(SuiteRunnerWorker.java:53)
at org.testng.SuiteRunnerWorker.run(SuiteRunnerWorker.java:96)
at org.testng.TestNG.runSuitesSequentially(TestNG.java:1180)
at org.testng.TestNG.runSuitesLocally(TestNG.java:1102)
at org.testng.TestNG.runSuites(TestNG.java:1032)
at org.testng.TestNG.run(TestNG.java:1000)
at org.testng.remote.AbstractRemoteTestNG.run(AbstractRemoteTestNG.java:115)
at org.testng.remote.RemoteTestNG.initAndRun(RemoteTestNG.java:251)
at org.testng.remote.RemoteTestNG.main(RemoteTestNG.java:77)
]]>
            </full-stacktrace>
          </exception> <!-- org.openqa.selenium.NoSuchElementException -->
          <reporter-output>
          </reporter-output>
        </test-method> <!-- leaveLabelValidation1 -->
        <test-method status="PASS" signature="tearDown()[pri:0, instance:com.hrms.testcases.LeaveListPageTest@53f65459]" name="tearDown" is-config="true" duration-ms="89" started-at="2020-01-25T12:34:00 EST" finished-at="2020-01-25T12:34:00 EST">
          <reporter-output>
          </reporter-output>
        </test-method> <!-- tearDown -->
        <test-method status="PASS" signature="writeReport()[pri:0, instance:com.hrms.testcases.LeaveListPageTest@53f65459]" name="writeReport" is-config="true" duration-ms="225" started-at="2020-01-25T12:34:43 EST" finished-at="2020-01-25T12:34:43 EST">
          <reporter-output>
          </reporter-output>
        </test-method> <!-- writeReport -->
      </class> <!-- com.hrms.testcases.LeaveListPageTest -->
    </test> <!-- Regression Test -->
  </suite> <!-- Regression Suite -->
</testng-results>
